<?xml version="1.0" encoding="UTF-8"?>
<!-- Generated by org.testng.reporters.JUnitReportReporter -->
<testsuite hostname="DESKTOP-A9OUJEV" failures="0" tests="1" name="com.EtsyTestcases.HomePageTest" time="24.022" errors="0" timestamp="03 Feb 2023 18:48:09 GMT" skipped="0">
  <testcase classname="com.EtsyTestcases.HomePageTest" name="verifyAll5OutOf5StarPoojafavorsItemOnCurrentPage" time="24.022"/>
</testsuite> <!-- com.EtsyTestcases.HomePageTest -->
